Exporter version: 3.3.2, Blender version: 4.2.0
========= Conversion from Blender to Babylon.js =========
	Scene settings used :
		Inline textures     :  false
		Material Type       :  PBR
		Positions Precision :  4
		Normals Precision   :  3
		UVs Precision       :  3
		Vert Color Precision:  3
		Mat Weight Precision:  2
		Keep Z-up r-handed  :  no
		Texture directory   :  /Users/danielswinney/Sites/golf/golf_holes/
	Python World class constructor completed
	WARNING: No active camera has been assigned, or is not in a currently enabled collection
	processing begun of mesh:  Border
		WARNING: No materials have been assigned: 
		num positions      :  1314
		num normals        :  1314
		num tangents       :  0
		num uvs            :  2628
		num uvs2           :  0
		num colors         :  0
		num triangles      :  1492
	processing begun of mesh:  Grass
		WARNING: No materials have been assigned: 
		num positions      :  4470
		num normals        :  4470
		num tangents       :  0
		num uvs            :  8940
		num uvs2           :  0
		num colors         :  0
		num triangles      :  1592
	processing begun of mesh:  Loop
		WARNING: No materials have been assigned: 
		num positions      :  1757
		num normals        :  1757
		num tangents       :  0
		num uvs            :  3514
		num uvs2           :  0
		num colors         :  0
		num triangles      :  1080
		WARNING: # of 0 area faces found:  544
	processing begun of mesh:  Tee
		WARNING: No materials have been assigned: 
		num positions      :  32
		num normals        :  32
		num tangents       :  0
		num uvs            :  64
		num uvs2           :  0
		num colors         :  0
		num triangles      :  30
========= Writing of JSON file started =========
	writing mesh:  Border
	writing mesh:  Grass
	writing mesh:  Loop
	writing mesh:  Tee
========= Writing of JSON file completed =========
========= end of processing =========
elapsed time:  0 min, 0.379 secs
